CRITICAL - 2022-09-10 00:30:56 --> Undefined property: App\Controllers\Dokter::$load
in APPPATH/Controllers/Dokter.php on line 9.
 1 APPPATH/Controllers/Dokter.php(9): CodeIgniter\Debug\Exceptions->errorHandler(8, 'Undefined property: App\\Controllers\\Dokter::$load', 'APPPATH/Controllers/Dokter.php', 9, [])
 2 SYSTEMPATH/CodeIgniter.php(869): App\Controllers\Dokter->__construct()
 3 SYSTEMPATH/CodeIgniter.php(448): CodeIgniter\CodeIgniter->createController()
 4 SYSTEMPATH/CodeIgniter.php(340): CodeIgniter\CodeIgniter->handleRequest(null, Object(Config\Cache), false)
 5 FCPATH/index.php(67): CodeIgniter\CodeIgniter->run()
 6 SYSTEMPATH/Commands/Server/rewrite.php(43): require_once('FCPATH/index.php')
CRITICAL - 2022-09-10 00:35:35 --> Undefined property: App\Controllers\Dokter::$load
in APPPATH/Controllers/Dokter.php on line 9.
 1 APPPATH/Controllers/Dokter.php(9): CodeIgniter\Debug\Exceptions->errorHandler(8, 'Undefined property: App\\Controllers\\Dokter::$load', 'APPPATH/Controllers/Dokter.php', 9, [])
 2 SYSTEMPATH/CodeIgniter.php(869): App\Controllers\Dokter->__construct()
 3 SYSTEMPATH/CodeIgniter.php(448): CodeIgniter\CodeIgniter->createController()
 4 SYSTEMPATH/CodeIgniter.php(340): CodeIgniter\CodeIgniter->handleRequest(null, Object(Config\Cache), false)
 5 FCPATH/index.php(67): CodeIgniter\CodeIgniter->run()
 6 SYSTEMPATH/Commands/Server/rewrite.php(43): require_once('FCPATH/index.php')
CRITICAL - 2022-09-10 00:45:16 --> Call to undefined method App\Models\m_provinsi::all
in SYSTEMPATH/Model.php on line 774.
 1 APPPATH/Controllers/Dokter.php(16): CodeIgniter\Model->__call('all', [])
 2 SYSTEMPATH/CodeIgniter.php(907): App\Controllers\Dokter->index()
 3 SYSTEMPATH/CodeIgniter.php(457): CodeIgniter\CodeIgniter->runController(Object(App\Controllers\Dokter))
 4 SYSTEMPATH/CodeIgniter.php(340): CodeIgniter\CodeIgniter->handleRequest(null, Object(Config\Cache), false)
 5 FCPATH/index.php(67): CodeIgniter\CodeIgniter->run()
 6 SYSTEMPATH/Commands/Server/rewrite.php(43): require_once('FCPATH/index.php')
CRITICAL - 2022-09-10 00:46:23 --> Call to undefined method CodeIgniter\Database\MySQLi\Result::row()
in APPPATH/Models/m_provinsi.php on line 12.
 1 APPPATH/Controllers/Dokter.php(16): App\Models\m_provinsi->get_all_provinsi()
 2 SYSTEMPATH/CodeIgniter.php(907): App\Controllers\Dokter->index()
 3 SYSTEMPATH/CodeIgniter.php(457): CodeIgniter\CodeIgniter->runController(Object(App\Controllers\Dokter))
 4 SYSTEMPATH/CodeIgniter.php(340): CodeIgniter\CodeIgniter->handleRequest(null, Object(Config\Cache), false)
 5 FCPATH/index.php(67): CodeIgniter\CodeIgniter->run()
 6 SYSTEMPATH/Commands/Server/rewrite.php(43): require_once('FCPATH/index.php')
CRITICAL - 2022-09-10 00:48:18 --> Call to undefined method CodeIgniter\Database\MySQLi\Result::result_array()
in APPPATH/Models/m_provinsi.php on line 12.
 1 APPPATH/Controllers/Dokter.php(16): App\Models\m_provinsi->get_all_provinsi()
 2 SYSTEMPATH/CodeIgniter.php(907): App\Controllers\Dokter->index()
 3 SYSTEMPATH/CodeIgniter.php(457): CodeIgniter\CodeIgniter->runController(Object(App\Controllers\Dokter))
 4 SYSTEMPATH/CodeIgniter.php(340): CodeIgniter\CodeIgniter->handleRequest(null, Object(Config\Cache), false)
 5 FCPATH/index.php(67): CodeIgniter\CodeIgniter->run()
 6 SYSTEMPATH/Commands/Server/rewrite.php(43): require_once('FCPATH/index.php')
CRITICAL - 2022-09-10 00:56:17 --> Invalid argument supplied for foreach()
in APPPATH/Views/pages/dokter/create.php on line 47.
 1 APPPATH/Views/pages/dokter/create.php(47): CodeIgniter\Debug\Exceptions->errorHandler(2, 'Invalid argument supplied for foreach()', 'APPPATH/Views/pages/dokter/create.php', 47, [...])
 2 SYSTEMPATH/View/View.php(213): include('APPPATH/Views/pages/dokter/create.php')
 3 SYSTEMPATH/View/View.php(216): CodeIgniter\View\View->CodeIgniter\View\{closure}()
 4 SYSTEMPATH/Common.php(1142): CodeIgniter\View\View->render('pages/dokter/create', [], true)
 5 APPPATH/Controllers/Dokter.php(21): view('pages/dokter/create', [...])
 6 SYSTEMPATH/CodeIgniter.php(907): App\Controllers\Dokter->create()
 7 SYSTEMPATH/CodeIgniter.php(457): CodeIgniter\CodeIgniter->runController(Object(App\Controllers\Dokter))
 8 SYSTEMPATH/CodeIgniter.php(340): CodeIgniter\CodeIgniter->handleRequest(null, Object(Config\Cache), false)
 9 FCPATH/index.php(67): CodeIgniter\CodeIgniter->run()
10 SYSTEMPATH/Commands/Server/rewrite.php(43): require_once('FCPATH/index.php')
CRITICAL - 2022-09-10 00:59:53 --> Invalid argument supplied for foreach()
in APPPATH/Views/pages/dokter/create.php on line 47.
 1 APPPATH/Views/pages/dokter/create.php(47): CodeIgniter\Debug\Exceptions->errorHandler(2, 'Invalid argument supplied for foreach()', 'APPPATH/Views/pages/dokter/create.php', 47, [...])
 2 SYSTEMPATH/View/View.php(213): include('APPPATH/Views/pages/dokter/create.php')
 3 SYSTEMPATH/View/View.php(216): CodeIgniter\View\View->CodeIgniter\View\{closure}()
 4 SYSTEMPATH/Common.php(1142): CodeIgniter\View\View->render('pages/dokter/create', [], true)
 5 APPPATH/Controllers/Dokter.php(21): view('pages/dokter/create', [...])
 6 SYSTEMPATH/CodeIgniter.php(907): App\Controllers\Dokter->create()
 7 SYSTEMPATH/CodeIgniter.php(457): CodeIgniter\CodeIgniter->runController(Object(App\Controllers\Dokter))
 8 SYSTEMPATH/CodeIgniter.php(340): CodeIgniter\CodeIgniter->handleRequest(null, Object(Config\Cache), false)
 9 FCPATH/index.php(67): CodeIgniter\CodeIgniter->run()
10 SYSTEMPATH/Commands/Server/rewrite.php(43): require_once('FCPATH/index.php')
CRITICAL - 2022-09-10 00:59:54 --> Invalid argument supplied for foreach()
in APPPATH/Views/pages/dokter/create.php on line 47.
 1 APPPATH/Views/pages/dokter/create.php(47): CodeIgniter\Debug\Exceptions->errorHandler(2, 'Invalid argument supplied for foreach()', 'APPPATH/Views/pages/dokter/create.php', 47, [...])
 2 SYSTEMPATH/View/View.php(213): include('APPPATH/Views/pages/dokter/create.php')
 3 SYSTEMPATH/View/View.php(216): CodeIgniter\View\View->CodeIgniter\View\{closure}()
 4 SYSTEMPATH/Common.php(1142): CodeIgniter\View\View->render('pages/dokter/create', [], true)
 5 APPPATH/Controllers/Dokter.php(21): view('pages/dokter/create', [...])
 6 SYSTEMPATH/CodeIgniter.php(907): App\Controllers\Dokter->create()
 7 SYSTEMPATH/CodeIgniter.php(457): CodeIgniter\CodeIgniter->runController(Object(App\Controllers\Dokter))
 8 SYSTEMPATH/CodeIgniter.php(340): CodeIgniter\CodeIgniter->handleRequest(null, Object(Config\Cache), false)
 9 FCPATH/index.php(67): CodeIgniter\CodeIgniter->run()
10 SYSTEMPATH/Commands/Server/rewrite.php(43): require_once('FCPATH/index.php')
CRITICAL - 2022-09-10 01:08:37 --> Undefined property: App\Controllers\Dokter::$input
in APPPATH/Controllers/Dokter.php on line 32.
 1 APPPATH/Controllers/Dokter.php(32): CodeIgniter\Debug\Exceptions->errorHandler(8, 'Undefined property: App\\Controllers\\Dokter::$input', 'APPPATH/Controllers/Dokter.php', 32, [])
 2 SYSTEMPATH/CodeIgniter.php(907): App\Controllers\Dokter->store()
 3 SYSTEMPATH/CodeIgniter.php(457): CodeIgniter\CodeIgniter->runController(Object(App\Controllers\Dokter))
 4 SYSTEMPATH/CodeIgniter.php(340): CodeIgniter\CodeIgniter->handleRequest(null, Object(Config\Cache), false)
 5 FCPATH/index.php(67): CodeIgniter\CodeIgniter->run()
 6 SYSTEMPATH/Commands/Server/rewrite.php(43): require_once('FCPATH/index.php')
CRITICAL - 2022-09-10 02:15:47 --> Allowed fields must be specified for model: App\Models\m_dokter
in SYSTEMPATH/BaseModel.php on line 1139.
 1 SYSTEMPATH/BaseModel.php(1139): CodeIgniter\Database\Exceptions\DataException::forInvalidAllowedFields('App\\Models\\m_dokter')
 2 SYSTEMPATH/BaseModel.php(713): CodeIgniter\BaseModel->doProtectFields([...])
 3 SYSTEMPATH/Model.php(667): CodeIgniter\BaseModel->insert([...], false)
 4 SYSTEMPATH/BaseModel.php(658): CodeIgniter\Model->insert([...], false)
 5 APPPATH/Controllers/Dokter.php(58): CodeIgniter\BaseModel->save([...])
 6 SYSTEMPATH/CodeIgniter.php(907): App\Controllers\Dokter->store()
 7 SYSTEMPATH/CodeIgniter.php(457): CodeIgniter\CodeIgniter->runController(Object(App\Controllers\Dokter))
 8 SYSTEMPATH/CodeIgniter.php(340): CodeIgniter\CodeIgniter->handleRequest(null, Object(Config\Cache), false)
 9 FCPATH/index.php(67): CodeIgniter\CodeIgniter->run()
10 SYSTEMPATH/Commands/Server/rewrite.php(43): require_once('FCPATH/index.php')
CRITICAL - 2022-09-10 05:02:28 --> Invalid argument supplied for foreach()
in APPPATH/Views/pages/dokter/index.php on line 73.
 1 APPPATH/Views/pages/dokter/index.php(73): CodeIgniter\Debug\Exceptions->errorHandler(2, 'Invalid argument supplied for foreach()', 'APPPATH/Views/pages/dokter/index.php', 73, [...])
 2 SYSTEMPATH/View/View.php(213): include('APPPATH/Views/pages/dokter/index.php')
 3 SYSTEMPATH/View/View.php(216): CodeIgniter\View\View->CodeIgniter\View\{closure}()
 4 SYSTEMPATH/Common.php(1142): CodeIgniter\View\View->render('pages/dokter/index', [], true)
 5 APPPATH/Controllers/Dokter.php(21): view('pages/dokter/index', [...])
 6 SYSTEMPATH/CodeIgniter.php(907): App\Controllers\Dokter->index()
 7 SYSTEMPATH/CodeIgniter.php(457): CodeIgniter\CodeIgniter->runController(Object(App\Controllers\Dokter))
 8 SYSTEMPATH/CodeIgniter.php(340): CodeIgniter\CodeIgniter->handleRequest(null, Object(Config\Cache), false)
 9 FCPATH/index.php(67): CodeIgniter\CodeIgniter->run()
10 SYSTEMPATH/Commands/Server/rewrite.php(43): require_once('FCPATH/index.php')
CRITICAL - 2022-09-10 05:11:01 --> Undefined property: stdClass::$edit
in APPPATH/Views/pages/dokter/index.php on line 81.
 1 APPPATH/Views/pages/dokter/index.php(81): CodeIgniter\Debug\Exceptions->errorHandler(8, 'Undefined property: stdClass::$edit', 'APPPATH/Views/pages/dokter/index.php', 81, [...])
 2 SYSTEMPATH/View/View.php(213): include('APPPATH/Views/pages/dokter/index.php')
 3 SYSTEMPATH/View/View.php(216): CodeIgniter\View\View->CodeIgniter\View\{closure}()
 4 SYSTEMPATH/Common.php(1142): CodeIgniter\View\View->render('pages/dokter/index', [], true)
 5 APPPATH/Controllers/Dokter.php(21): view('pages/dokter/index', [...])
 6 SYSTEMPATH/CodeIgniter.php(907): App\Controllers\Dokter->index()
 7 SYSTEMPATH/CodeIgniter.php(457): CodeIgniter\CodeIgniter->runController(Object(App\Controllers\Dokter))
 8 SYSTEMPATH/CodeIgniter.php(340): CodeIgniter\CodeIgniter->handleRequest(null, Object(Config\Cache), false)
 9 FCPATH/index.php(67): CodeIgniter\CodeIgniter->run()
10 SYSTEMPATH/Commands/Server/rewrite.php(43): require_once('FCPATH/index.php')
CRITICAL - 2022-09-10 05:13:50 --> Undefined property: stdClass::$edit
in APPPATH/Views/pages/dokter/index.php on line 81.
 1 APPPATH/Views/pages/dokter/index.php(81): CodeIgniter\Debug\Exceptions->errorHandler(8, 'Undefined property: stdClass::$edit', 'APPPATH/Views/pages/dokter/index.php', 81, [...])
 2 SYSTEMPATH/View/View.php(213): include('APPPATH/Views/pages/dokter/index.php')
 3 SYSTEMPATH/View/View.php(216): CodeIgniter\View\View->CodeIgniter\View\{closure}()
 4 SYSTEMPATH/Common.php(1142): CodeIgniter\View\View->render('pages/dokter/index', [], true)
 5 APPPATH/Controllers/Dokter.php(21): view('pages/dokter/index', [...])
 6 SYSTEMPATH/CodeIgniter.php(907): App\Controllers\Dokter->index()
 7 SYSTEMPATH/CodeIgniter.php(457): CodeIgniter\CodeIgniter->runController(Object(App\Controllers\Dokter))
 8 SYSTEMPATH/CodeIgniter.php(340): CodeIgniter\CodeIgniter->handleRequest(null, Object(Config\Cache), false)
 9 FCPATH/index.php(67): CodeIgniter\CodeIgniter->run()
10 SYSTEMPATH/Commands/Server/rewrite.php(43): require_once('FCPATH/index.php')
CRITICAL - 2022-09-10 05:15:01 --> Undefined property: stdClass::$edit
in APPPATH/Views/pages/dokter/index.php on line 81.
 1 APPPATH/Views/pages/dokter/index.php(81): CodeIgniter\Debug\Exceptions->errorHandler(8, 'Undefined property: stdClass::$edit', 'APPPATH/Views/pages/dokter/index.php', 81, [...])
 2 SYSTEMPATH/View/View.php(213): include('APPPATH/Views/pages/dokter/index.php')
 3 SYSTEMPATH/View/View.php(216): CodeIgniter\View\View->CodeIgniter\View\{closure}()
 4 SYSTEMPATH/Common.php(1142): CodeIgniter\View\View->render('pages/dokter/index', [], true)
 5 APPPATH/Controllers/Dokter.php(21): view('pages/dokter/index', [...])
 6 SYSTEMPATH/CodeIgniter.php(907): App\Controllers\Dokter->index()
 7 SYSTEMPATH/CodeIgniter.php(457): CodeIgniter\CodeIgniter->runController(Object(App\Controllers\Dokter))
 8 SYSTEMPATH/CodeIgniter.php(340): CodeIgniter\CodeIgniter->handleRequest(null, Object(Config\Cache), false)
 9 FCPATH/index.php(67): CodeIgniter\CodeIgniter->run()
10 SYSTEMPATH/Commands/Server/rewrite.php(43): require_once('FCPATH/index.php')
CRITICAL - 2022-09-10 05:24:40 --> Call to undefined function encode_php_tags()
in APPPATH/Views/pages/dokter/index.php on line 81.
 1 SYSTEMPATH/View/View.php(213): include()
 2 SYSTEMPATH/View/View.php(216): CodeIgniter\View\View->CodeIgniter\View\{closure}()
 3 SYSTEMPATH/Common.php(1142): CodeIgniter\View\View->render('pages/dokter/index', [], true)
 4 APPPATH/Controllers/Dokter.php(21): view('pages/dokter/index', [...])
 5 SYSTEMPATH/CodeIgniter.php(907): App\Controllers\Dokter->index()
 6 SYSTEMPATH/CodeIgniter.php(457): CodeIgniter\CodeIgniter->runController(Object(App\Controllers\Dokter))
 7 SYSTEMPATH/CodeIgniter.php(340): CodeIgniter\CodeIgniter->handleRequest(null, Object(Config\Cache), false)
 8 FCPATH/index.php(67): CodeIgniter\CodeIgniter->run()
 9 SYSTEMPATH/Commands/Server/rewrite.php(43): require_once('FCPATH/index.php')
ERROR - 2022-09-10 06:10:10 --> Error connecting to the database: mysqli_sql_exception: No such file or directory in /Applications/XAMPP/xamppfiles/htdocs/olivia/health/vendor/codeigniter4/framework/system/Database/MySQLi/Connection.php:171
Stack trace:
#0 /Applications/XAMPP/xamppfiles/htdocs/olivia/health/vendor/codeigniter4/framework/system/Database/MySQLi/Connection.php(171): mysqli->real_connect('localhost', 'ridhal', '12345', 'db_health', 3306, '', 0)
#1 /Applications/XAMPP/xamppfiles/htdocs/olivia/health/vendor/codeigniter4/framework/system/Database/BaseConnection.php(382): CodeIgniter\Database\MySQLi\Connection->connect(false)
#2 /Applications/XAMPP/xamppfiles/htdocs/olivia/health/vendor/codeigniter4/framework/system/Database/BaseConnection.php(588): CodeIgniter\Database\BaseConnection->initialize()
#3 /Applications/XAMPP/xamppfiles/htdocs/olivia/health/vendor/codeigniter4/framework/system/Database/BaseBuilder.php(1585): CodeIgniter\Database\BaseConnection->query('SELECT *\nFROM `...', Array, false)
#4 /Applications/XAMPP/xamppfiles/htdocs/olivia/health/app/Models/m_lokasi_vaksin.php(17): CodeIgniter\Database\BaseBuilder->get()
#5 /Applications/XAMPP/xamppfiles/htdocs/olivia/health/app/Controllers/LokasiVaksin.php(17): App\Models\m_lokasi_vaksin->get_lokasi_vaksin()
#6 /Applications/XAMPP/xamppfiles/htdocs/olivia/health/vendor/codeigniter4/framework/system/CodeIgniter.php(907): App\Controllers\LokasiVaksin->index()
#7 /Applications/XAMPP/xamppfiles/htdocs/olivia/health/vendor/codeigniter4/framework/system/CodeIgniter.php(457): CodeIgniter\CodeIgniter->runController(Object(App\Controllers\LokasiVaksin))
#8 /Applications/XAMPP/xamppfiles/htdocs/olivia/health/vendor/codeigniter4/framework/system/CodeIgniter.php(340): CodeIgniter\CodeIgniter->handleRequest(NULL, Object(Config\Cache), false)
#9 /Applications/XAMPP/xamppfiles/htdocs/olivia/health/public/index.php(67): CodeIgniter\CodeIgniter->run()
#10 /Applications/XAMPP/xamppfiles/htdocs/olivia/health/vendor/codeigniter4/framework/system/Commands/Server/rewrite.php(43): require_once('/Applications/X...')
#11 {main}

Next CodeIgniter\Database\Exceptions\DatabaseException: No such file or directory in /Applications/XAMPP/xamppfiles/htdocs/olivia/health/vendor/codeigniter4/framework/system/Database/MySQLi/Connection.php:215
Stack trace:
#0 /Applications/XAMPP/xamppfiles/htdocs/olivia/health/vendor/codeigniter4/framework/system/Database/BaseConnection.php(382): CodeIgniter\Database\MySQLi\Connection->connect(false)
#1 /Applications/XAMPP/xamppfiles/htdocs/olivia/health/vendor/codeigniter4/framework/system/Database/BaseConnection.php(588): CodeIgniter\Database\BaseConnection->initialize()
#2 /Applications/XAMPP/xamppfiles/htdocs/olivia/health/vendor/codeigniter4/framework/system/Database/BaseBuilder.php(1585): CodeIgniter\Database\BaseConnection->query('SELECT *\nFROM `...', Array, false)
#3 /Applications/XAMPP/xamppfiles/htdocs/olivia/health/app/Models/m_lokasi_vaksin.php(17): CodeIgniter\Database\BaseBuilder->get()
#4 /Applications/XAMPP/xamppfiles/htdocs/olivia/health/app/Controllers/LokasiVaksin.php(17): App\Models\m_lokasi_vaksin->get_lokasi_vaksin()
#5 /Applications/XAMPP/xamppfiles/htdocs/olivia/health/vendor/codeigniter4/framework/system/CodeIgniter.php(907): App\Controllers\LokasiVaksin->index()
#6 /Applications/XAMPP/xamppfiles/htdocs/olivia/health/vendor/codeigniter4/framework/system/CodeIgniter.php(457): CodeIgniter\CodeIgniter->runController(Object(App\Controllers\LokasiVaksin))
#7 /Applications/XAMPP/xamppfiles/htdocs/olivia/health/vendor/codeigniter4/framework/system/CodeIgniter.php(340): CodeIgniter\CodeIgniter->handleRequest(NULL, Object(Config\Cache), false)
#8 /Applications/XAMPP/xamppfiles/htdocs/olivia/health/public/index.php(67): CodeIgniter\CodeIgniter->run()
#9 /Applications/XAMPP/xamppfiles/htdocs/olivia/health/vendor/codeigniter4/framework/system/Commands/Server/rewrite.php(43): require_once('/Applications/X...')
#10 {main}
CRITICAL - 2022-09-10 06:10:10 --> Unable to connect to the database.
Main connection [MySQLi]: No such file or directory
in SYSTEMPATH/Database/BaseConnection.php on line 418.
 1 SYSTEMPATH/Database/BaseConnection.php(588): CodeIgniter\Database\BaseConnection->initialize()
 2 SYSTEMPATH/Database/BaseBuilder.php(1585): CodeIgniter\Database\BaseConnection->query('SELECT *
FROM `lokasi_vaksin`
JOIN `provinsi` ON `provinsi`.`id` = `lokasi_vaksin`.`id_provinsi`', [], false)
 3 APPPATH/Models/m_lokasi_vaksin.php(17): CodeIgniter\Database\BaseBuilder->get()
 4 APPPATH/Controllers/LokasiVaksin.php(17): App\Models\m_lokasi_vaksin->get_lokasi_vaksin()
 5 SYSTEMPATH/CodeIgniter.php(907): App\Controllers\LokasiVaksin->index()
 6 SYSTEMPATH/CodeIgniter.php(457): CodeIgniter\CodeIgniter->runController(Object(App\Controllers\LokasiVaksin))
 7 SYSTEMPATH/CodeIgniter.php(340): CodeIgniter\CodeIgniter->handleRequest(null, Object(Config\Cache), false)
 8 FCPATH/index.php(67): CodeIgniter\CodeIgniter->run()
 9 SYSTEMPATH/Commands/Server/rewrite.php(43): require_once('FCPATH/index.php')
ERROR - 2022-09-10 06:10:35 --> Error connecting to the database: mysqli_sql_exception: No such file or directory in /Applications/XAMPP/xamppfiles/htdocs/olivia/health/vendor/codeigniter4/framework/system/Database/MySQLi/Connection.php:171
Stack trace:
#0 /Applications/XAMPP/xamppfiles/htdocs/olivia/health/vendor/codeigniter4/framework/system/Database/MySQLi/Connection.php(171): mysqli->real_connect('localhost', 'root', '', 'olivia', 3306, '', 0)
#1 /Applications/XAMPP/xamppfiles/htdocs/olivia/health/vendor/codeigniter4/framework/system/Database/BaseConnection.php(382): CodeIgniter\Database\MySQLi\Connection->connect(false)
#2 /Applications/XAMPP/xamppfiles/htdocs/olivia/health/vendor/codeigniter4/framework/system/Database/BaseConnection.php(588): CodeIgniter\Database\BaseConnection->initialize()
#3 /Applications/XAMPP/xamppfiles/htdocs/olivia/health/vendor/codeigniter4/framework/system/Database/BaseBuilder.php(1585): CodeIgniter\Database\BaseConnection->query('SELECT *\nFROM `...', Array, false)
#4 /Applications/XAMPP/xamppfiles/htdocs/olivia/health/app/Models/m_lokasi_vaksin.php(17): CodeIgniter\Database\BaseBuilder->get()
#5 /Applications/XAMPP/xamppfiles/htdocs/olivia/health/app/Controllers/LokasiVaksin.php(17): App\Models\m_lokasi_vaksin->get_lokasi_vaksin()
#6 /Applications/XAMPP/xamppfiles/htdocs/olivia/health/vendor/codeigniter4/framework/system/CodeIgniter.php(907): App\Controllers\LokasiVaksin->index()
#7 /Applications/XAMPP/xamppfiles/htdocs/olivia/health/vendor/codeigniter4/framework/system/CodeIgniter.php(457): CodeIgniter\CodeIgniter->runController(Object(App\Controllers\LokasiVaksin))
#8 /Applications/XAMPP/xamppfiles/htdocs/olivia/health/vendor/codeigniter4/framework/system/CodeIgniter.php(340): CodeIgniter\CodeIgniter->handleRequest(NULL, Object(Config\Cache), false)
#9 /Applications/XAMPP/xamppfiles/htdocs/olivia/health/public/index.php(67): CodeIgniter\CodeIgniter->run()
#10 /Applications/XAMPP/xamppfiles/htdocs/olivia/health/vendor/codeigniter4/framework/system/Commands/Server/rewrite.php(43): require_once('/Applications/X...')
#11 {main}

Next CodeIgniter\Database\Exceptions\DatabaseException: No such file or directory in /Applications/XAMPP/xamppfiles/htdocs/olivia/health/vendor/codeigniter4/framework/system/Database/MySQLi/Connection.php:215
Stack trace:
#0 /Applications/XAMPP/xamppfiles/htdocs/olivia/health/vendor/codeigniter4/framework/system/Database/BaseConnection.php(382): CodeIgniter\Database\MySQLi\Connection->connect(false)
#1 /Applications/XAMPP/xamppfiles/htdocs/olivia/health/vendor/codeigniter4/framework/system/Database/BaseConnection.php(588): CodeIgniter\Database\BaseConnection->initialize()
#2 /Applications/XAMPP/xamppfiles/htdocs/olivia/health/vendor/codeigniter4/framework/system/Database/BaseBuilder.php(1585): CodeIgniter\Database\BaseConnection->query('SELECT *\nFROM `...', Array, false)
#3 /Applications/XAMPP/xamppfiles/htdocs/olivia/health/app/Models/m_lokasi_vaksin.php(17): CodeIgniter\Database\BaseBuilder->get()
#4 /Applications/XAMPP/xamppfiles/htdocs/olivia/health/app/Controllers/LokasiVaksin.php(17): App\Models\m_lokasi_vaksin->get_lokasi_vaksin()
#5 /Applications/XAMPP/xamppfiles/htdocs/olivia/health/vendor/codeigniter4/framework/system/CodeIgniter.php(907): App\Controllers\LokasiVaksin->index()
#6 /Applications/XAMPP/xamppfiles/htdocs/olivia/health/vendor/codeigniter4/framework/system/CodeIgniter.php(457): CodeIgniter\CodeIgniter->runController(Object(App\Controllers\LokasiVaksin))
#7 /Applications/XAMPP/xamppfiles/htdocs/olivia/health/vendor/codeigniter4/framework/system/CodeIgniter.php(340): CodeIgniter\CodeIgniter->handleRequest(NULL, Object(Config\Cache), false)
#8 /Applications/XAMPP/xamppfiles/htdocs/olivia/health/public/index.php(67): CodeIgniter\CodeIgniter->run()
#9 /Applications/XAMPP/xamppfiles/htdocs/olivia/health/vendor/codeigniter4/framework/system/Commands/Server/rewrite.php(43): require_once('/Applications/X...')
#10 {main}
CRITICAL - 2022-09-10 06:10:35 --> Unable to connect to the database.
Main connection [MySQLi]: No such file or directory
in SYSTEMPATH/Database/BaseConnection.php on line 418.
 1 SYSTEMPATH/Database/BaseConnection.php(588): CodeIgniter\Database\BaseConnection->initialize()
 2 SYSTEMPATH/Database/BaseBuilder.php(1585): CodeIgniter\Database\BaseConnection->query('SELECT *
FROM `lokasi_vaksin`
JOIN `provinsi` ON `provinsi`.`id` = `lokasi_vaksin`.`id_provinsi`', [], false)
 3 APPPATH/Models/m_lokasi_vaksin.php(17): CodeIgniter\Database\BaseBuilder->get()
 4 APPPATH/Controllers/LokasiVaksin.php(17): App\Models\m_lokasi_vaksin->get_lokasi_vaksin()
 5 SYSTEMPATH/CodeIgniter.php(907): App\Controllers\LokasiVaksin->index()
 6 SYSTEMPATH/CodeIgniter.php(457): CodeIgniter\CodeIgniter->runController(Object(App\Controllers\LokasiVaksin))
 7 SYSTEMPATH/CodeIgniter.php(340): CodeIgniter\CodeIgniter->handleRequest(null, Object(Config\Cache), false)
 8 FCPATH/index.php(67): CodeIgniter\CodeIgniter->run()
 9 SYSTEMPATH/Commands/Server/rewrite.php(43): require_once('FCPATH/index.php')
